<?xml version="1.0" encoding="UTF-8"?>
<!-- Generated by org.testng.reporters.JUnitReportReporter -->
<testsuite hostname="DESKTOP-S8J1C7U" failures="0" tests="2" name="com.demo.NewTest" time="137.941" errors="0" timestamp="2022-10-11T10:32:10 IST" skipped="0">
  <testcase classname="com.demo.NewTest" name="chromeTest" time="57.549"/>
  <system-out/>
  <testcase classname="com.demo.NewTest" name="operaTest" time="80.392"/>
  <system-out/>
</testsuite> <!-- com.demo.NewTest -->
